2025-08-05 23:55:02 - root:162 - INFO - logging_config - ================================================================================
2025-08-05 23:55:02 - root:163 - INFO - logging_config - 🚀 ArchE Logging System Initialized
2025-08-05 23:55:02 - root:164 - INFO - logging_config - ================================================================================
2025-08-05 23:55:02 - root:165 - INFO - logging_config - 📅 Session Start Time: 2025-08-05 23:55:02
2025-08-05 23:55:02 - root:166 - INFO - logging_config - 🔧 Log Level: INFO
2025-08-05 23:55:02 - root:167 - INFO - logging_config - 📁 Main Log File: logs/arche_v3_2025-08-05_23-55-02.log
2025-08-05 23:55:02 - root:168 - INFO - logging_config - ❌ Error Log File: logs/errors_arche_v3_errors_2025-08-05_23-55-02.log
2025-08-05 23:55:02 - root:169 - INFO - logging_config - ⚡ Performance Log File: logs/performance_arche_v3_perf_2025-08-05_23-55-02.log
2025-08-05 23:55:02 - root:170 - INFO - logging_config - ================================================================================
2025-08-05 23:55:02 - session:178 - INFO - logging_config - Session tracking initialized
2025-08-05 23:55:02 - __main__:164 - INFO - main - --- Received command to run workflow: thought_trail_workflow.json ---
2025-08-05 23:55:02 - Three_PointO_ArchE.workflow_engine:341 - INFO - workflow_engine - WorkflowEngine initialized with workflows directory: /media/newbu/3626C55326C514B1/Happier/workflows
2025-08-05 23:55:02 - Three_PointO_ArchE.action_registry:80 - WARNING - action_registry - Action 'display_output' is being overwritten in the registry.
2025-08-05 23:55:02 - Three_PointO_ArchE.action_registry:80 - WARNING - action_registry - Action 'run_code_linter' is being overwritten in the registry.
2025-08-05 23:55:02 - Three_PointO_ArchE.action_registry:80 - WARNING - action_registry - Action 'run_workflow_suite' is being overwritten in the registry.
2025-08-05 23:55:02 - Three_PointO_ArchE.workflow_engine:361 - INFO - workflow_engine - IARCompliantWorkflowEngine initialized with full vetting capabilities
2025-08-05 23:55:02 - Three_PointO_ArchE.workflow_engine:517 - INFO - workflow_engine - Attempting to load workflow definition from: /media/newbu/3626C55326C514B1/Happier/workflows/thought_trail_workflow.json
2025-08-05 23:55:02 - Three_PointO_ArchE.workflow_engine:1026 - INFO - workflow_engine - ✅ Input validation passed for workflow: thought_trail_workflow.json
2025-08-05 23:55:02 - Three_PointO_ArchE.workflow_engine:1027 - INFO - workflow_engine - Problem description length: 203 characters
2025-08-05 23:55:02 - Three_PointO_ArchE.workflow_engine:1056 - INFO - workflow_engine - Starting workflow 'Thought traiL Workflow' (Run ID: run_9b487327af7d48c488557c7063040c8e). Initial ready tasks: ['generate_and_export_trail']
2025-08-05 23:55:02 - Three_PointO_ArchE.workflow_engine:1217 - INFO - workflow_engine - Workflow 'Thought traiL Workflow' finished in 0.08s with status: Completed Successfully
2025-08-05 23:55:02 - Three_PointO_ArchE.workflow_engine:1227 - INFO - workflow_engine - Detailed event log saved to: /media/newbu/3626C55326C514B1/Happier/outputs/run_events_run_9b487327af7d48c488557c7063040c8e.jsonl
2025-08-05 23:55:02 - __main__:207 - INFO - main - Final result saved successfully to /media/newbu/3626C55326C514B1/Happier/outputs/result_thought_trail_workflow_run_9b487327af7d48c488557c7063040c8e.json
