2025-08-05 23:53:59 - root:162 - INFO - logging_config - ================================================================================
2025-08-05 23:53:59 - root:163 - INFO - logging_config - 🚀 ArchE Logging System Initialized
2025-08-05 23:53:59 - root:164 - INFO - logging_config - ================================================================================
2025-08-05 23:53:59 - root:165 - INFO - logging_config - 📅 Session Start Time: 2025-08-05 23:53:59
2025-08-05 23:53:59 - root:166 - INFO - logging_config - 🔧 Log Level: INFO
2025-08-05 23:53:59 - root:167 - INFO - logging_config - 📁 Main Log File: logs/arche_v3_2025-08-05_23-53-59.log
2025-08-05 23:53:59 - root:168 - INFO - logging_config - ❌ Error Log File: logs/errors_arche_v3_errors_2025-08-05_23-53-59.log
2025-08-05 23:53:59 - root:169 - INFO - logging_config - ⚡ Performance Log File: logs/performance_arche_v3_perf_2025-08-05_23-53-59.log
2025-08-05 23:53:59 - root:170 - INFO - logging_config - ================================================================================
2025-08-05 23:53:59 - session:178 - INFO - logging_config - Session tracking initialized
2025-08-05 23:53:59 - __main__:164 - INFO - main - --- Received command to run workflow: simple_test.json ---
2025-08-05 23:53:59 - Three_PointO_ArchE.workflow_engine:341 - INFO - workflow_engine - WorkflowEngine initialized with workflows directory: /media/newbu/3626C55326C514B1/Happier/workflows
2025-08-05 23:53:59 - Three_PointO_ArchE.action_registry:80 - WARNING - action_registry - Action 'display_output' is being overwritten in the registry.
2025-08-05 23:53:59 - Three_PointO_ArchE.action_registry:80 - WARNING - action_registry - Action 'run_code_linter' is being overwritten in the registry.
2025-08-05 23:53:59 - Three_PointO_ArchE.action_registry:80 - WARNING - action_registry - Action 'run_workflow_suite' is being overwritten in the registry.
2025-08-05 23:53:59 - Three_PointO_ArchE.workflow_engine:361 - INFO - workflow_engine - IARCompliantWorkflowEngine initialized with full vetting capabilities
2025-08-05 23:53:59 - Three_PointO_ArchE.workflow_engine:517 - INFO - workflow_engine - Attempting to load workflow definition from: /media/newbu/3626C55326C514B1/Happier/workflows/simple_test.json
2025-08-05 23:53:59 - Three_PointO_ArchE.workflow_engine:1026 - INFO - workflow_engine - ✅ Input validation passed for workflow: simple_test.json
2025-08-05 23:53:59 - Three_PointO_ArchE.workflow_engine:1027 - INFO - workflow_engine - Problem description length: 90 characters
2025-08-05 23:53:59 - Three_PointO_ArchE.workflow_engine:1056 - INFO - workflow_engine - Starting workflow 'Simple Test Workflow' (Run ID: run_d848859266154ee48de5346818e82978). Initial ready tasks: ['task_a']
2025-08-05 23:53:59 - Three_PointO_ArchE.workflow_engine:1217 - INFO - workflow_engine - Workflow 'Simple Test Workflow' finished in 0.0s with status: Completed Successfully
2025-08-05 23:53:59 - Three_PointO_ArchE.workflow_engine:1227 - INFO - workflow_engine - Detailed event log saved to: /media/newbu/3626C55326C514B1/Happier/outputs/run_events_run_d848859266154ee48de5346818e82978.jsonl
2025-08-05 23:53:59 - __main__:207 - INFO - main - Final result saved successfully to /media/newbu/3626C55326C514B1/Happier/outputs/result_simple_test_run_d848859266154ee48de5346818e82978.json
