================================================================================
🚀 WEBSOCKET Logging Session Started
================================================================================
📅 Session Start Time: 2025-09-03T03:52:26.697Z
🔧 Component: websocket
📁 Main Log: logs/websocket_2025-09-03_03-52-26-695Z.log
❌ Error Log: logs/errors_websocket_2025-09-03_03-52-26-695Z.log
⚡ Performance Log: logs/performance_websocket_2025-09-03_03-52-26-695Z.log
================================================================================
2025-09-03T03:52:26.700Z [INFO] websocket: VCD WebSocket Server - IAR data will be received from Python ArchE backend
2025-09-03T03:52:26.710Z [INFO] websocket: ArchE Protocol v3.1-CA WebSocket Server running on port 3006
2025-09-03T03:52:26.710Z [INFO] websocket: Cognitive Bus ready for protocol-enhanced connections
2025-09-03T03:52:26.710Z [INFO] websocket: Connect at: ws://localhost:3006
2025-09-03T03:52:27.150Z [INFO] websocket: Client connected to ArchE Cognitive Bus
2025-09-03T03:52:27.258Z [INFO] websocket: Client connected to ArchE Cognitive Bus
2025-09-03T03:53:16.248Z [INFO] websocket: Client disconnected from ArchE Cognitive Bus
2025-09-03T03:53:16.251Z [INFO] websocket: Client disconnected from ArchE Cognitive Bus
2025-09-03T03:53:28.314Z [INFO] websocket: Client connected to ArchE Cognitive Bus
2025-09-03T03:53:28.355Z [INFO] websocket: Client connected to ArchE Cognitive Bus
2025-09-03T03:53:28.503Z [INFO] websocket: Client disconnected from ArchE Cognitive Bus
2025-09-03T03:53:31.472Z [INFO] websocket: Client connected to ArchE Cognitive Bus
2025-09-03T03:53:39.969Z [INFO] websocket: Received user query
{
  "query": "Design a comprehensive framework for transforming global education systems to prepare humanity for t..."
}
2025-09-03T03:53:39.974Z [INFO] websocket: Sent query to ArchE interface: Design a comprehensive framework for transforming ...
2025-09-03T03:53:40.028Z [INFO] websocket: Received response from Python server:
{
  "type": "sirc_event",
  "phase": "Phase_A_Start",
  "message": "Knowledge Scaffolding & Dynamic Specialization",
  "timestamp": 1756871619.9855602,
  "metadata": {
    "session_id": "rise_1756886019_cfbe46"
  }
}
2025-09-03T03:53:40.032Z [INFO] websocket: Received response from Python server:
{
  "type": "sirc_event",
  "phase": "Phase_B_Start",
  "message": "Fused Insight Generation",
  "timestamp": 1756871620.0044618,
  "metadata": {
    "session_id": "rise_1756886019_cfbe46"
  }
}
2025-09-03T03:53:40.038Z [INFO] websocket: Received response from Python server:
{
  "id": "arche_1756871620019",
  "content": "Error: Phase B completed, but the 'synthesize_fused_dossier' task did not produce an output. Synthesis failed.",
  "timestamp": "2025-09-03T03:53:40.019492Z",
  "sender": "arche",
  "message_type": "chat",
  "protocol_compliance": true,
  "protocol_version": "ResonantiA v3.1-CA",
  "iar": {
    "status": "Failure",
    "confidence": 0.1,
    "summary": "Query processed by RISE engine",
    "potential_issues": [
      "Engine RISE returned error"
    ],
    "alignment_check": {
      "query_relevance": 0.9,
      "engine_selection": 0.8,
      "response_quality": 0.1
    },
    "engine_used": "RISE",
    "timestamp": "2025-09-03T03:53:40.018887Z",
    "cognitive_resonance": {
      "clarity": 0.3,
      "coherence": 0.3,
      "completeness": 0.4,
      "contextual_relevance": 0.9
    },
    "temporal_resonance": {
      "past_context": 0.2,
      "present_accuracy": 0.3,
      "future_projection": 0.2,
      "causal_understanding": 0.3
    },
    "recommendations": [
      "Enhance clarity by providing more specific examples",
      "Improve logical flow and structure",
      "Strengthen causal relationships and temporal context",
      "Provide more comprehensive coverage of the topic"
    ],
    "confidence_boost": 0.8,
    "resonance_enhancement": 0.5
  },
  "spr_activations": [],
  "raw_response": {
    "session_id": "rise_1756886019_cfbe46",
    "execution_status": "failed",
    "error": "Phase B completed, but the 'synthesize_fused_dossier' task did not produce an output. Synthesis failed.",
    "current_phase": "B"
  }
}
2025-09-03T03:53:56.242Z [INFO] websocket: Received user query
{
  "query": "{\"command\":\"run_drcl\",\"payload\":{\"goal\":\"Run DRCL on current interaction\"}}..."
}
2025-09-03T03:53:56.244Z [INFO] websocket: Sent query to ArchE interface: {"command":"run_drcl","payload":{"goal":"Run DRCL ...
2025-09-03T03:53:57.251Z [INFO] websocket: Received user query
{
  "query": "{\"command\":\"run_drcl\",\"payload\":{\"goal\":\"Run DRCL on current interaction\"}}..."
}
2025-09-03T03:53:57.253Z [INFO] websocket: Sent query to ArchE interface: {"command":"run_drcl","payload":{"goal":"Run DRCL ...
2025-09-03T03:53:57.417Z [INFO] websocket: Received user query
{
  "query": "{\"command\":\"run_drcl\",\"payload\":{\"goal\":\"Run DRCL on current interaction\"}}..."
}
2025-09-03T03:53:57.418Z [INFO] websocket: Sent query to ArchE interface: {"command":"run_drcl","payload":{"goal":"Run DRCL ...
2025-09-03T03:53:57.668Z [INFO] websocket: Received response from Python server:
{
  "id": "arche_1756871637665",
  "content": "I received your message, but I am having trouble formulating a response right now.",
  "timestamp": "2025-09-03T03:53:57.665459Z",
  "sender": "arche",
  "message_type": "chat",
  "protocol_compliance": true,
  "protocol_version": "ResonantiA v3.1-CA",
  "iar": {
    "status": "Success",
    "confidence": 0.9,
    "summary": "Query processed by ACO engine",
    "potential_issues": [],
    "alignment_check": {
      "query_relevance": 0.9,
      "engine_selection": 0.8,
      "response_quality": 0.9
    },
    "engine_used": "ACO",
    "timestamp": "2025-09-03T03:53:57.665441Z",
    "cognitive_resonance": {
      "clarity": 0.3,
      "coherence": 0.3,
      "completeness": 0.3,
      "contextual_relevance": 0.6
    },
    "temporal_resonance": {
      "past_context": 0.2,
      "present_accuracy": 0.4,
      "future_projection": 0.2,
      "causal_understanding": 0.3
    },
    "recommendations": [
      "Enhance clarity by providing more specific examples",
      "Improve logical flow and structure",
      "Strengthen causal relationships and temporal context",
      "Provide more comprehensive coverage of the topic"
    ],
    "confidence_boost": 0,
    "resonance_enhancement": 0.5
  },
  "spr_activations": [],
  "raw_response": {
    "response": "I received your message, but I am having trouble formulating a response right now."
  }
}
2025-09-03T03:53:59.192Z [INFO] websocket: Received response from Python server:
{
  "id": "arche_1756871639190",
  "content": "I received your message, but I am having trouble formulating a response right now.",
  "timestamp": "2025-09-03T03:53:59.190251Z",
  "sender": "arche",
  "message_type": "chat",
  "protocol_compliance": true,
  "protocol_version": "ResonantiA v3.1-CA",
  "iar": {
    "status": "Success",
    "confidence": 0.9,
    "summary": "Query processed by ACO engine",
    "potential_issues": [],
    "alignment_check": {
      "query_relevance": 0.9,
      "engine_selection": 0.8,
      "response_quality": 0.9
    },
    "engine_used": "ACO",
    "timestamp": "2025-09-03T03:53:59.190238Z",
    "cognitive_resonance": {
      "clarity": 0.3,
      "coherence": 0.3,
      "completeness": 0.3,
      "contextual_relevance": 0.6
    },
    "temporal_resonance": {
      "past_context": 0.2,
      "present_accuracy": 0.4,
      "future_projection": 0.2,
      "causal_understanding": 0.3
    },
    "recommendations": [
      "Enhance clarity by providing more specific examples",
      "Improve logical flow and structure",
      "Strengthen causal relationships and temporal context",
      "Provide more comprehensive coverage of the topic"
    ],
    "confidence_boost": 0,
    "resonance_enhancement": 0.5
  },
  "spr_activations": [],
  "raw_response": {
    "response": "I received your message, but I am having trouble formulating a response right now."
  }
}
2025-09-03T03:54:00.229Z [INFO] websocket: Received response from Python server:
{
  "id": "arche_1756871640226",
  "content": "I received your message, but I am having trouble formulating a response right now.",
  "timestamp": "2025-09-03T03:54:00.226193Z",
  "sender": "arche",
  "message_type": "chat",
  "protocol_compliance": true,
  "protocol_version": "ResonantiA v3.1-CA",
  "iar": {
    "status": "Success",
    "confidence": 0.9,
    "summary": "Query processed by ACO engine",
    "potential_issues": [],
    "alignment_check": {
      "query_relevance": 0.9,
      "engine_selection": 0.8,
      "response_quality": 0.9
    },
    "engine_used": "ACO",
    "timestamp": "2025-09-03T03:54:00.226181Z",
    "cognitive_resonance": {
      "clarity": 0.3,
      "coherence": 0.3,
      "completeness": 0.3,
      "contextual_relevance": 0.6
    },
    "temporal_resonance": {
      "past_context": 0.2,
      "present_accuracy": 0.4,
      "future_projection": 0.2,
      "causal_understanding": 0.3
    },
    "recommendations": [
      "Enhance clarity by providing more specific examples",
      "Improve logical flow and structure",
      "Strengthen causal relationships and temporal context",
      "Provide more comprehensive coverage of the topic"
    ],
    "confidence_boost": 0,
    "resonance_enhancement": 0.5
  },
  "spr_activations": [],
  "raw_response": {
    "response": "I received your message, but I am having trouble formulating a response right now."
  }
}
2025-09-03T03:54:56.343Z [INFO] websocket: Received user query
{
  "query": "{\"command\":\"run_drcl\",\"payload\":{\"goal\":\"Run DRCL on current interaction\"}}..."
}
2025-09-03T03:54:56.344Z [INFO] websocket: Sent query to ArchE interface: {"command":"run_drcl","payload":{"goal":"Run DRCL ...
2025-09-03T03:54:57.207Z [INFO] websocket: Received response from Python server:
{
  "id": "arche_1756871697206",
  "content": "I received your message, but I am having trouble formulating a response right now.",
  "timestamp": "2025-09-03T03:54:57.206912Z",
  "sender": "arche",
  "message_type": "chat",
  "protocol_compliance": true,
  "protocol_version": "ResonantiA v3.1-CA",
  "iar": {
    "status": "Success",
    "confidence": 0.9,
    "summary": "Query processed by ACO engine",
    "potential_issues": [],
    "alignment_check": {
      "query_relevance": 0.9,
      "engine_selection": 0.8,
      "response_quality": 0.9
    },
    "engine_used": "ACO",
    "timestamp": "2025-09-03T03:54:57.206898Z",
    "cognitive_resonance": {
      "clarity": 0.3,
      "coherence": 0.3,
      "completeness": 0.3,
      "contextual_relevance": 0.6
    },
    "temporal_resonance": {
      "past_context": 0.2,
      "present_accuracy": 0.4,
      "future_projection": 0.2,
      "causal_understanding": 0.3
    },
    "recommendations": [
      "Enhance clarity by providing more specific examples",
      "Improve logical flow and structure",
      "Strengthen causal relationships and temporal context",
      "Provide more comprehensive coverage of the topic"
    ],
    "confidence_boost": 0,
    "resonance_enhancement": 0.5
  },
  "spr_activations": [],
  "raw_response": {
    "response": "I received your message, but I am having trouble formulating a response right now."
  }
}
2025-09-03T03:58:07.639Z [WARN] websocket: ArchE WebSocket connection closed
2025-09-03T03:58:07.647Z [WARN] websocket: ArchE WebSocket connection closed
