================================================================================
🚀 WEBSOCKET Logging Session Started
================================================================================
📅 Session Start Time: 2025-09-02T14:03:34.650Z
🔧 Component: websocket
📁 Main Log: logs/websocket_2025-09-02_14-03-34-650Z.log
❌ Error Log: logs/errors_websocket_2025-09-02_14-03-34-650Z.log
⚡ Performance Log: logs/performance_websocket_2025-09-02_14-03-34-650Z.log
================================================================================
2025-09-02T14:03:34.702Z [WARN] websocket: Protocol modules not available
{
  "error": "Cannot find module '/media/newbu/3626C55326C514B1/Happier/nextjs-chat/.next/server/app/utils/iarProcessor.js'\nRequire stack:\n- /media/newbu/3626C55326C514B1/Happier/webSocketServer.js"
}
2025-09-02T14:03:34.726Z [INFO] websocket: Falling back to basic processing mode
2025-09-02T14:03:34.730Z [INFO] websocket: This may be due to a missing build step. Try running "npm run build" in the nextjs-chat directory
2025-09-02T14:03:34.731Z [INFO] websocket: ArchE Protocol v3.1-CA WebSocket Server running on port 3006
2025-09-02T14:03:34.732Z [INFO] websocket: Cognitive Bus ready for protocol-enhanced connections
2025-09-02T14:03:34.733Z [INFO] websocket: Connect at: ws://localhost:3006
2025-09-02T14:03:35.802Z [INFO] websocket: Client connected to ArchE Cognitive Bus
2025-09-02T14:03:35.833Z [INFO] websocket: Client connected to ArchE Cognitive Bus
2025-09-02T14:03:35.852Z [INFO] websocket: ArchE interface ready for direct processing
2025-09-02T14:03:35.856Z [INFO] websocket: ArchE interface ready for direct processing
2025-09-02T14:03:35.867Z [INFO] websocket: Client connected to ArchE Cognitive Bus
2025-09-02T14:03:35.870Z [INFO] websocket: Client connected to ArchE Cognitive Bus
2025-09-02T14:03:35.873Z [INFO] websocket: ArchE interface ready for direct processing
2025-09-02T14:03:35.878Z [INFO] websocket: ArchE interface ready for direct processing
2025-09-02T14:03:46.932Z [INFO] websocket: Received user query
{
  "query": "I am the CEO of a publicly traded pharmaceutical company. We have developed a life-saving drug for a..."
}
2025-09-02T14:03:46.935Z [INFO] websocket: Processing query directly: I am the CEO of a publicly traded pharmaceutical c...
2025-09-02T14:03:46.938Z [INFO] websocket: Received user query
{
  "query": "I am the CEO of a publicly traded pharmaceutical company. We have developed a life-saving drug for a..."
}
2025-09-02T14:03:46.940Z [INFO] websocket: Processing query directly: I am the CEO of a publicly traded pharmaceutical c...
2025-09-02T14:05:44.822Z [INFO] websocket: Received user query
{
  "query": "command\":\"creative_synthesis\",\"problem\":\"I am the CEO of a publicly traded pharmaceutical company. W..."
}
2025-09-02T14:05:44.822Z [INFO] websocket: Processing query directly: command":"creative_synthesis","problem":"I am the ...
2025-09-02T14:05:44.822Z [INFO] websocket: Received user query
{
  "query": "command\":\"creative_synthesis\",\"problem\":\"I am the CEO of a publicly traded pharmaceutical company. W..."
}
2025-09-02T14:05:44.823Z [INFO] websocket: Processing query directly: command":"creative_synthesis","problem":"I am the ...
