================================================================================
🚀 WEBSOCKET Logging Session Started
================================================================================
📅 Session Start Time: 2025-09-03T02:04:44.940Z
🔧 Component: websocket
📁 Main Log: logs/websocket_2025-09-03_02-04-44-939Z.log
❌ Error Log: logs/errors_websocket_2025-09-03_02-04-44-939Z.log
⚡ Performance Log: logs/performance_websocket_2025-09-03_02-04-44-939Z.log
================================================================================
2025-09-03T02:04:44.957Z [INFO] websocket: VCD WebSocket Server - IAR data will be received from Python ArchE backend
2025-09-03T02:04:44.984Z [INFO] websocket: ArchE Protocol v3.1-CA WebSocket Server running on port 3006
2025-09-03T02:04:44.985Z [INFO] websocket: Cognitive Bus ready for protocol-enhanced connections
2025-09-03T02:04:44.985Z [INFO] websocket: Connect at: ws://localhost:3006
2025-09-03T02:04:45.367Z [INFO] websocket: Client connected to ArchE Cognitive Bus
2025-09-03T02:04:45.428Z [INFO] websocket: Client connected to ArchE Cognitive Bus
2025-09-03T02:04:49.812Z [INFO] websocket: Client disconnected from ArchE Cognitive Bus
2025-09-03T02:04:49.829Z [INFO] websocket: Client disconnected from ArchE Cognitive Bus
2025-09-03T02:05:05.193Z [INFO] websocket: Client connected to ArchE Cognitive Bus
2025-09-03T02:05:05.218Z [INFO] websocket: Client connected to ArchE Cognitive Bus
2025-09-03T02:05:05.276Z [INFO] websocket: Client disconnected from ArchE Cognitive Bus
2025-09-03T02:05:08.248Z [INFO] websocket: Client connected to ArchE Cognitive Bus
2025-09-03T02:05:30.909Z [INFO] websocket: Received user query
{
  "query": "Design a comprehensive framework for transforming global education systems to prepare humanity for t..."
}
2025-09-03T02:05:30.912Z [INFO] websocket: Sent query to ArchE interface: Design a comprehensive framework for transforming ...
2025-09-03T02:05:30.944Z [INFO] websocket: Received response from Python server:
{
  "type": "sirc_event",
  "phase": "Phase_A_Start",
  "message": "Knowledge Scaffolding & Dynamic Specialization",
  "timestamp": 1756865130.9185953,
  "metadata": {
    "session_id": "rise_1756879530_7e6fa4"
  }
}
2025-09-03T02:05:30.957Z [INFO] websocket: Received response from Python server:
{
  "type": "sirc_event",
  "phase": "Phase_B_Start",
  "message": "Fused Insight Generation",
  "timestamp": 1756865130.9282448,
  "metadata": {
    "session_id": "rise_1756879530_7e6fa4"
  }
}
2025-09-03T02:05:30.969Z [INFO] websocket: Received response from Python server:
{
  "id": "arche_1756865130931",
  "content": "Error: Phase B completed, but the 'synthesize_fused_dossier' task did not produce an output. Synthesis failed.",
  "timestamp": "2025-09-03T02:05:30.931844Z",
  "sender": "arche",
  "message_type": "chat",
  "protocol_compliance": true,
  "protocol_version": "ResonantiA v3.1-CA",
  "iar": {
    "status": "Failure",
    "confidence": 0.1,
    "summary": "Query processed by RISE engine",
    "potential_issues": [
      "Engine RISE returned error"
    ],
    "alignment_check": {
      "query_relevance": 0.9,
      "engine_selection": 0.8,
      "response_quality": 0.1
    },
    "engine_used": "RISE",
    "timestamp": "2025-09-03T02:05:30.931778Z",
    "cognitive_resonance": {
      "clarity": 0.3,
      "coherence": 0.3,
      "completeness": 0.4,
      "contextual_relevance": 0.9
    },
    "temporal_resonance": {
      "past_context": 0.2,
      "present_accuracy": 0.3,
      "future_projection": 0.2,
      "causal_understanding": 0.3
    },
    "recommendations": [
      "Enhance clarity by providing more specific examples",
      "Improve logical flow and structure",
      "Strengthen causal relationships and temporal context",
      "Provide more comprehensive coverage of the topic"
    ],
    "confidence_boost": 0.8,
    "resonance_enhancement": 0.5
  },
  "spr_activations": [],
  "raw_response": {
    "session_id": "rise_1756879530_7e6fa4",
    "execution_status": "failed",
    "error": "Phase B completed, but the 'synthesize_fused_dossier' task did not produce an output. Synthesis failed.",
    "current_phase": "B"
  }
}
