================================================================================
🚀 WEBSOCKET Logging Session Started
================================================================================
📅 Session Start Time: 2025-09-02T13:41:25.826Z
🔧 Component: websocket
📁 Main Log: logs/websocket_2025-09-02_13-41-25-825Z.log
❌ Error Log: logs/errors_websocket_2025-09-02_13-41-25-825Z.log
⚡ Performance Log: logs/performance_websocket_2025-09-02_13-41-25-825Z.log
================================================================================
2025-09-02T13:41:25.835Z [WARN] websocket: Protocol modules not available
{
  "error": "Cannot find module '/media/newbu/3626C55326C514B1/Happier/nextjs-chat/.next/server/app/utils/iarProcessor.js'\nRequire stack:\n- /media/newbu/3626C55326C514B1/Happier/webSocketServer.js"
}
2025-09-02T13:41:25.843Z [INFO] websocket: Falling back to basic processing mode
2025-09-02T13:41:25.844Z [INFO] websocket: This may be due to a missing build step. Try running "npm run build" in the nextjs-chat directory
2025-09-02T13:41:25.844Z [INFO] websocket: ArchE Protocol v3.1-CA WebSocket Server running on port 3006
2025-09-02T13:41:25.844Z [INFO] websocket: Cognitive Bus ready for protocol-enhanced connections
2025-09-02T13:41:25.845Z [INFO] websocket: Connect at: ws://localhost:3006
2025-09-02T13:41:28.071Z [INFO] websocket: Client connected to ArchE Cognitive Bus
2025-09-02T13:41:28.120Z [INFO] websocket: ArchE interface ready for direct processing
2025-09-02T13:41:28.403Z [INFO] websocket: Client connected to ArchE Cognitive Bus
2025-09-02T13:41:28.421Z [INFO] websocket: ArchE interface ready for direct processing
2025-09-02T13:45:03.250Z [INFO] websocket: Client disconnected from ArchE Cognitive Bus
2025-09-02T13:45:03.263Z [INFO] websocket: Client disconnected from ArchE Cognitive Bus
2025-09-02T13:45:06.338Z [INFO] websocket: Client connected to ArchE Cognitive Bus
2025-09-02T13:45:06.343Z [INFO] websocket: ArchE interface ready for direct processing
2025-09-02T13:45:06.364Z [INFO] websocket: Client connected to ArchE Cognitive Bus
2025-09-02T13:45:06.376Z [INFO] websocket: ArchE interface ready for direct processing
2025-09-02T13:45:06.470Z [INFO] websocket: Client disconnected from ArchE Cognitive Bus
2025-09-02T13:45:09.454Z [INFO] websocket: Client connected to ArchE Cognitive Bus
2025-09-02T13:45:09.469Z [INFO] websocket: ArchE interface ready for direct processing
2025-09-02T13:45:27.472Z [INFO] websocket: Received user query
{
  "query": "i have noticed that when I ask you complex questions involving multiple, conflicting constraints, yo..."
}
2025-09-02T13:45:27.473Z [INFO] websocket: Processing query directly: i have noticed that when I ask you complex questio...
