================================================================================
🚀 WEBSOCKET Logging Session Started
================================================================================
📅 Session Start Time: 2025-09-02T14:17:42.724Z
🔧 Component: websocket
📁 Main Log: logs/websocket_2025-09-02_14-17-42-724Z.log
❌ Error Log: logs/errors_websocket_2025-09-02_14-17-42-724Z.log
⚡ Performance Log: logs/performance_websocket_2025-09-02_14-17-42-724Z.log
================================================================================
2025-09-02T14:17:42.732Z [WARN] websocket: Protocol modules not available
{
  "error": "Cannot find module '/media/newbu/3626C55326C514B1/Happier/nextjs-chat/.next/server/app/utils/iarProcessor.js'\nRequire stack:\n- /media/newbu/3626C55326C514B1/Happier/webSocketServer.js"
}
2025-09-02T14:17:42.742Z [INFO] websocket: Falling back to basic processing mode
2025-09-02T14:17:42.742Z [INFO] websocket: This may be due to a missing build step. Try running "npm run build" in the nextjs-chat directory
2025-09-02T14:17:42.743Z [INFO] websocket: ArchE Protocol v3.1-CA WebSocket Server running on port 3006
2025-09-02T14:17:42.744Z [INFO] websocket: Cognitive Bus ready for protocol-enhanced connections
2025-09-02T14:17:42.744Z [INFO] websocket: Connect at: ws://localhost:3006
2025-09-02T14:17:43.874Z [INFO] websocket: Client connected to ArchE Cognitive Bus
2025-09-02T14:17:43.911Z [INFO] websocket: Client connected to ArchE Cognitive Bus
2025-09-02T14:19:47.812Z [INFO] websocket: Client connected to ArchE Cognitive Bus
2025-09-02T14:19:47.834Z [INFO] websocket: Client connected to ArchE Cognitive Bus
2025-09-02T14:19:47.935Z [INFO] websocket: Client disconnected from ArchE Cognitive Bus
2025-09-02T14:19:50.919Z [INFO] websocket: Client connected to ArchE Cognitive Bus
2025-09-02T14:20:53.445Z [INFO] websocket: Received user query
{
  "query": "I am the CEO of a publicly traded pharmaceutical company. We have developed a life-saving drug for a..."
}
2025-09-02T14:20:53.449Z [INFO] websocket: Sent query to ArchE interface: I am the CEO of a publicly traded pharmaceutical c...
2025-09-02T14:20:53.584Z [INFO] websocket: Client disconnected from ArchE Cognitive Bus
2025-09-02T14:20:53.636Z [INFO] websocket: Client disconnected from ArchE Cognitive Bus
2025-09-02T14:20:56.621Z [INFO] websocket: Client connected to ArchE Cognitive Bus
2025-09-02T14:20:56.864Z [INFO] websocket: Client connected to ArchE Cognitive Bus
